<?xml version="1.0" encoding="UTF-8"?>
<coverage generated="1694366525606" clover="3.2.0">
  <project timestamp="1694366525607" name="All files">
    <metrics statements="7" coveredstatements="7" conditionals="6" coveredconditionals="6" methods="3" coveredmethods="3" elements="16" coveredelements="16" complexity="0" loc="7" ncloc="7" packages="1" files="2" classes="2"/>
    <file name="arr_sort_health.js" path="/Users/dmitryababkov/Desktop/Нетология/test-ci/src/js/arr_sort_health.js">
      <metrics statements="2" coveredstatements="2" conditionals="0" coveredconditionals="0" methods="2" coveredmethods="2"/>
      <line num="2" count="1" type="stmt"/>
      <line num="3" count="4" type="stmt"/>
    </file>
    <file name="checking_health.js" path="/Users/dmitryababkov/Desktop/Нетология/test-ci/src/js/checking_health.js">
      <metrics statements="5" coveredstatements="5" conditionals="6" coveredconditionals="6" methods="1" coveredmethods="1"/>
      <line num="2" count="3" type="cond" truecount="2" falsecount="0"/>
      <line num="3" count="1" type="stmt"/>
      <line num="4" count="2" type="cond" truecount="4" falsecount="0"/>
      <line num="5" count="1" type="stmt"/>
      <line num="7" count="1" type="stmt"/>
    </file>
  </project>
</coverage>
